<?xml version="1.0" encoding="UTF-8"?>
<!-- Generated by org.testng.reporters.JUnitReportReporter -->
<testsuite skipped="0" hostname="sys" name="scripts.hi" tests="1" failures="0" timestamp="2020-05-05T00:06:21 IST" time="0.010" errors="0">
  <testcase name="hi" time="0.010" classname="scripts.hi"/>
  <system-out/>
</testsuite> <!-- scripts.hi -->
