<?xml version="1.0" encoding="UTF-8"?>
<!-- Generated by org.testng.reporters.JUnitReportReporter -->
<testsuite hostname="sys" name="scripts.testBase" tests="1" failures="0" timestamp="10 May 2020 12:49:31 GMT" time="26.570" errors="0">
  <testcase name="browserInitializer" time="26.570" classname="scripts.testBase"/>
</testsuite> <!-- scripts.testBase -->
